Build started 7/9/2023 11:30:33 AM.
     1>Project "D:\Games\Reckoning\reckon\sources\codesrc\libs\zlib\projects\visualc6\zlib.vcxproj" on node 2 (build target(s)).
     1>InitializeBuildStatus:
         Touching ".\Win32_DLL_ASM_Debug\zlib.unsuccessfulbuild".
       ClCompile:
         All outputs are up-to-date.
       ResourceCompile:
         All outputs are up-to-date.
       ManifestResourceCompile:
         All outputs are up-to-date.
     1>C:\Program Files (x86)\MSBuild\Microsoft.Cpp\v4.0\Microsoft.CppBuild.targets(990,5): warning MSB8012: TargetPath(D:\Games\Reckoning\reckon\sources\codesrc\libs\zlib\projects\visualc6\.\Win32_DLL_ASM_Debug\zlib.dll) does not match the Linker's OutputFile property value (D:\Games\Reckoning\reckon\sources\codesrc\libs\zlib\projects\visualc6\Win32_DLL_ASM_Debug\zlib1d.dll). This may cause your project to build incorrectly. To correct this, please make sure that $(OutDir), $(TargetName) and $(TargetExt) property values match the value specified in %(Link.OutputFile).
     1>C:\Program Files (x86)\MSBuild\Microsoft.Cpp\v4.0\Microsoft.CppBuild.targets(992,5): warning MSB8012: TargetName(zlib) does not match the Linker's OutputFile property value (zlib1d). This may cause your project to build incorrectly. To correct this, please make sure that $(OutDir), $(TargetName) and $(TargetExt) property values match the value specified in %(Link.OutputFile).
       Link:
         E:\Program Files (x86)\Microsoft Visual Studio 10.0\VC\bin\x86_amd64\link.exe /ERRORREPORT:PROMPT /OUT:"Win32_DLL_ASM_Debug\zlib1d.dll" /INCREMENTAL /NOLOGO kernel32.lib user32.lib gdi32.lib winspool.lib comdlg32.lib advapi32.lib shell32.lib ole32.lib oleaut32.lib uuid.lib odbc32.lib odbccp32.lib /DEF:"..\..\win32\zlib.def" /MANIFEST /ManifestFile:".\Win32_DLL_ASM_Debug\zlib.dll.intermediate.manifest" /MANIFESTUAC:"level='asInvoker' uiAccess='false'" /DEBUG /PDB:"D:\Games\Reckoning\reckon\sources\codesrc\libs\zlib\projects\visualc6\Win32_DLL_ASM_Debug\zlib.pdb" /SUBSYSTEM:CONSOLE /TLBID:1 /DYNAMICBASE /NXCOMPAT /IMPLIB:".\Win32_DLL_ASM_Debug\zlib1d.lib" /MACHINE:X64 /DLL .\Win32_DLL_ASM_Debug\zlib1.res
         .\Win32_DLL_ASM_Debug\zlib.dll.embed.manifest.res
         .\Win32_DLL_ASM_Debug\adler32.obj
         .\Win32_DLL_ASM_Debug\compress.obj
         .\Win32_DLL_ASM_Debug\crc32.obj
         .\Win32_DLL_ASM_Debug\deflate.obj
         .\Win32_DLL_ASM_Debug\gzio.obj
         .\Win32_DLL_ASM_Debug\infback.obj
         .\Win32_DLL_ASM_Debug\inffast.obj
         .\Win32_DLL_ASM_Debug\inflate.obj
         .\Win32_DLL_ASM_Debug\inftrees.obj
         .\Win32_DLL_ASM_Debug\trees.obj
         .\Win32_DLL_ASM_Debug\uncompr.obj
         .\Win32_DLL_ASM_Debug\zutil.obj
            Creating library .\Win32_DLL_ASM_Debug\zlib1d.lib and object .\Win32_DLL_ASM_Debug\zlib1d.exp
     1>deflate.obj : error LNK2019: unresolved external symbol match_init referenced in function lm_init
     1>deflate.obj : error LNK2019: unresolved external symbol longest_match referenced in function deflate_fast
     1>infback.obj : error LNK2019: unresolved external symbol inflate_fast referenced in function inflateBack
     1>inflate.obj : error LNK2001: unresolved external symbol inflate_fast
     1>Win32_DLL_ASM_Debug\zlib1d.dll : fatal error LNK1120: 3 unresolved externals
     1>Done Building Project "D:\Games\Reckoning\reckon\sources\codesrc\libs\zlib\projects\visualc6\zlib.vcxproj" (build target(s)) -- FAILED.

Build FAILED.

Time Elapsed 00:00:00.30
